Build started 01-Sep-15 3:52:42 PM.
     1>Project "F:\CERT\Jashnvare\Festival94\Round1\Reverse\9-Hollow\Hollow\HollowPayload\HollowPayload.vcxproj" on node 4 (Build target(s)).
     1>ClCompile:
         C:\Program Files (x86)\Microsoft Visual Studio 14.0\VC\bin\CL.exe /c /ZI /nologo /W3 /WX- /Od /Oy- /D WIN32 /D _DEBUG /D _CONSOLE /D _UNICODE /D UNICODE /Gm /EHsc /RTC1 /MTd /GS /fp:precise /Zc:wchar_t /Zc:forScope /Zc:inline /Fo"Debug\\" /Fd"Debug\vc140.pdb" /Gd /TP /analyze- /errorReport:prompt HollowPayload.cpp
         HollowPayload.cpp
     1>f:\cert\jashnvare\festival94\round1\reverse\9-hollow\hollow\hollowpayload\hollowpayload.cpp(96): warning C4018: '<': signed/unsigned mismatch
     1>f:\cert\jashnvare\festival94\round1\reverse\9-hollow\hollow\hollowpayload\hollowpayload.cpp(92): warning C4996: 'strtok': This function or variable may be unsafe. Consider using strtok_s instead. To disable deprecation, use _CRT_SECURE_NO_WARNINGS. See online help for details.
         c:\program files (x86)\windows kits\10\include\10.0.10150.0\ucrt\string.h(453): note: see declaration of 'strtok'
     1>f:\cert\jashnvare\festival94\round1\reverse\9-hollow\hollow\hollowpayload\hollowpayload.cpp(97): warning C4996: 'strdup': The POSIX name for this item is deprecated. Instead, use the ISO C and C++ conformant name: _strdup. See online help for details.
         c:\program files (x86)\windows kits\10\include\10.0.10150.0\ucrt\string.h(552): note: see declaration of 'strdup'
     1>f:\cert\jashnvare\festival94\round1\reverse\9-hollow\hollow\hollowpayload\hollowpayload.cpp(98): warning C4996: 'strtok': This function or variable may be unsafe. Consider using strtok_s instead. To disable deprecation, use _CRT_SECURE_NO_WARNINGS. See online help for details.
         c:\program files (x86)\windows kits\10\include\10.0.10150.0\ucrt\string.h(453): note: see declaration of 'strtok'
     1>f:\cert\jashnvare\festival94\round1\reverse\9-hollow\hollow\hollowpayload\hollowpayload.cpp(116): warning C4996: 'strcpy': This function or variable may be unsafe. Consider using strcpy_s instead. To disable deprecation, use _CRT_SECURE_NO_WARNINGS. See online help for details.
         c:\program files (x86)\windows kits\10\include\10.0.10150.0\ucrt\string.h(119): note: see declaration of 'strcpy'
     1>f:\cert\jashnvare\festival94\round1\reverse\9-hollow\hollow\hollowpayload\hollowpayload.cpp(167): warning C4996: 'strrev': The POSIX name for this item is deprecated. Instead, use the ISO C and C++ conformant name: _strrev. See online help for details.
         c:\program files (x86)\windows kits\10\include\10.0.10150.0\ucrt\string.h(593): note: see declaration of 'strrev'
       Link:
         C:\Program Files (x86)\Microsoft Visual Studio 14.0\VC\bin\link.exe /ERRORREPORT:PROMPT /OUT:"F:\CERT\Jashnvare\Festival94\Round1\Reverse\9-Hollow\Hollow\Debug\HollowPayload.exe" /INCREMENTAL /NOLOGO kernel32.lib user32.lib gdi32.lib winspool.lib comdlg32.lib advapi32.lib shell32.lib ole32.lib oleaut32.lib uuid.lib odbc32.lib odbccp32.lib /MANIFEST /MANIFESTUAC:"level='asInvoker' uiAccess='false'" /manifest:embed /Debug /PDB:"F:\CERT\Jashnvare\Festival94\Round1\Reverse\9-Hollow\Hollow\Debug\HollowPayload.pdb" /SUBSYSTEM:CONSOLE /TLBID:1 /DYNAMICBASE /NXCOMPAT /IMPLIB:"F:\CERT\Jashnvare\Festival94\Round1\Reverse\9-Hollow\Hollow\Debug\HollowPayload.lib" /MACHINE:X86 Debug\HollowPayload.obj
         HollowPayload.vcxproj -> F:\CERT\Jashnvare\Festival94\Round1\Reverse\9-Hollow\Hollow\Debug\HollowPayload.exe
     1>Done Building Project "F:\CERT\Jashnvare\Festival94\Round1\Reverse\9-Hollow\Hollow\HollowPayload\HollowPayload.vcxproj" (Build target(s)).

Build succeeded.

Time Elapsed 00:00:02.70
